<?xml version="1.0" encoding="UTF-8"?>
<testsuite xmlns:xsi="http://www.w3.org/2001/XMLSchema-instance" xsi:noNamespaceSchemaLocation="https://maven.apache.org/surefire/maven-surefire-plugin/xsd/surefire-test-report-3.0.xsd" version="3.0" name="bg.sofia.uni.fmi.mjt.sentiment.tsk.parsers.ReviewsToSentenceWordsCountParserTest" time="0.021" tests="11" errors="0" skipped="0" failures="0">
  <properties>
    <property name="java.specification.version" value="17"/>
    <property name="sun.cpu.isalist" value="amd64"/>
    <property name="sun.jnu.encoding" value="Cp1252"/>
    <property name="java.class.path" value="C:\Users\Teodor.Kostadinov\UNI\Java\Movie-Review-Sentiment-Analyzer\target\test-classes;C:\Users\Teodor.Kostadinov\UNI\Java\Movie-Review-Sentiment-Analyzer\target\classes;C:\Users\Teodor.Kostadinov\.m2\repository\org\junit\jupiter\junit-jupiter-api\5.8.1\junit-jupiter-api-5.8.1.jar;C:\Users\Teodor.Kostadinov\.m2\repository\org\opentest4j\opentest4j\1.2.0\opentest4j-1.2.0.jar;C:\Users\Teodor.Kostadinov\.m2\repository\org\junit\platform\junit-platform-commons\1.8.1\junit-platform-commons-1.8.1.jar;C:\Users\Teodor.Kostadinov\.m2\repository\org\apiguardian\apiguardian-api\1.1.2\apiguardian-api-1.1.2.jar;C:\Users\Teodor.Kostadinov\.m2\repository\org\mockito\mockito-core\5.11.0\mockito-core-5.11.0.jar;C:\Users\Teodor.Kostadinov\.m2\repository\net\bytebuddy\byte-buddy\1.14.12\byte-buddy-1.14.12.jar;C:\Users\Teodor.Kostadinov\.m2\repository\net\bytebuddy\byte-buddy-agent\1.14.12\byte-buddy-agent-1.14.12.jar;C:\Users\Teodor.Kostadinov\.m2\repository\org\objenesis\objenesis\3.3\objenesis-3.3.jar;C:\Users\Teodor.Kostadinov\.m2\repository\org\mockito\mockito-junit-jupiter\5.11.0\mockito-junit-jupiter-5.11.0.jar;"/>
    <property name="java.vm.vendor" value="Eclipse Adoptium"/>
    <property name="sun.arch.data.model" value="64"/>
    <property name="user.variant" value=""/>
    <property name="java.vendor.url" value="https://adoptium.net/"/>
    <property name="user.timezone" value="Europe/Kiev"/>
    <property name="os.name" value="Windows 11"/>
    <property name="java.vm.specification.version" value="17"/>
    <property name="sun.java.launcher" value="SUN_STANDARD"/>
    <property name="user.country" value="US"/>
    <property name="sun.boot.library.path" value="C:\Users\Teodor.Kostadinov\AppData\Local\Programs\Eclipse Adoptium\jdk-17.0.10.7-hotspot\bin"/>
    <property name="sun.java.command" value="C:\Users\Teodor.Kostadinov\AppData\Local\Temp\surefire1400081151302657466\surefirebooter-20240302175701075_3.jar C:\Users\Teodor.Kostadinov\AppData\Local\Temp\surefire1400081151302657466 2024-03-02T17-57-00_932-jvmRun1 surefire-20240302175701075_1tmp surefire_0-20240302175701075_2tmp"/>
    <property name="jdk.debug" value="release"/>
    <property name="surefire.test.class.path" value="C:\Users\Teodor.Kostadinov\UNI\Java\Movie-Review-Sentiment-Analyzer\target\test-classes;C:\Users\Teodor.Kostadinov\UNI\Java\Movie-Review-Sentiment-Analyzer\target\classes;C:\Users\Teodor.Kostadinov\.m2\repository\org\junit\jupiter\junit-jupiter-api\5.8.1\junit-jupiter-api-5.8.1.jar;C:\Users\Teodor.Kostadinov\.m2\repository\org\opentest4j\opentest4j\1.2.0\opentest4j-1.2.0.jar;C:\Users\Teodor.Kostadinov\.m2\repository\org\junit\platform\junit-platform-commons\1.8.1\junit-platform-commons-1.8.1.jar;C:\Users\Teodor.Kostadinov\.m2\repository\org\apiguardian\apiguardian-api\1.1.2\apiguardian-api-1.1.2.jar;C:\Users\Teodor.Kostadinov\.m2\repository\org\mockito\mockito-core\5.11.0\mockito-core-5.11.0.jar;C:\Users\Teodor.Kostadinov\.m2\repository\net\bytebuddy\byte-buddy\1.14.12\byte-buddy-1.14.12.jar;C:\Users\Teodor.Kostadinov\.m2\repository\net\bytebuddy\byte-buddy-agent\1.14.12\byte-buddy-agent-1.14.12.jar;C:\Users\Teodor.Kostadinov\.m2\repository\org\objenesis\objenesis\3.3\objenesis-3.3.jar;C:\Users\Teodor.Kostadinov\.m2\repository\org\mockito\mockito-junit-jupiter\5.11.0\mockito-junit-jupiter-5.11.0.jar;"/>
    <property name="sun.cpu.endian" value="little"/>
    <property name="user.home" value="C:\Users\Teodor.Kostadinov"/>
    <property name="user.language" value="en"/>
    <property name="java.specification.vendor" value="Oracle Corporation"/>
    <property name="java.version.date" value="2024-01-16"/>
    <property name="java.home" value="C:\Users\Teodor.Kostadinov\AppData\Local\Programs\Eclipse Adoptium\jdk-17.0.10.7-hotspot"/>
    <property name="file.separator" value="\"/>
    <property name="basedir" value="C:\Users\Teodor.Kostadinov\UNI\Java\Movie-Review-Sentiment-Analyzer"/>
    <property name="java.vm.compressedOopsMode" value="Zero based"/>
    <property name="line.separator" value="&#10;"/>
    <property name="java.vm.specification.vendor" value="Oracle Corporation"/>
    <property name="java.specification.name" value="Java Platform API Specification"/>
    <property name="surefire.real.class.path" value="C:\Users\Teodor.Kostadinov\AppData\Local\Temp\surefire1400081151302657466\surefirebooter-20240302175701075_3.jar"/>
    <property name="user.script" value=""/>
    <property name="sun.management.compiler" value="HotSpot 64-Bit Tiered Compilers"/>
    <property name="java.runtime.version" value="17.0.10+7"/>
    <property name="user.name" value="Teodor.Kostadinov"/>
    <property name="path.separator" value=";"/>
    <property name="os.version" value="10.0"/>
    <property name="java.runtime.name" value="OpenJDK Runtime Environment"/>
    <property name="file.encoding" value="Cp1252"/>
    <property name="java.vm.name" value="OpenJDK 64-Bit Server VM"/>
    <property name="java.vendor.version" value="Temurin-17.0.10+7"/>
    <property name="localRepository" value="C:\Users\Teodor.Kostadinov\.m2\repository"/>
    <property name="java.vendor.url.bug" value="https://github.com/adoptium/adoptium-support/issues"/>
    <property name="java.io.tmpdir" value="C:\Users\TEODOR~1.KOS\AppData\Local\Temp\"/>
    <property name="java.version" value="17.0.10"/>
    <property name="user.dir" value="C:\Users\Teodor.Kostadinov\UNI\Java\Movie-Review-Sentiment-Analyzer"/>
    <property name="os.arch" value="amd64"/>
    <property name="java.vm.specification.name" value="Java Virtual Machine Specification"/>
    <property name="sun.os.patch.level" value=""/>
    <property name="native.encoding" value="Cp1252"/>
    <property name="java.library.path" value="C:\Users\Teodor.Kostadinov\AppData\Local\Programs\Eclipse Adoptium\jdk-17.0.10.7-hotspot\bin;C:\Windows\Sun\Java\bin;C:\Windows\system32;C:\Windows;C:\Program Files (x86)\Common Files\Oracle\Java\javapath;C:\Program Files\Microsoft SDKs\Azure\CLI2\wbin;C:\Windows\system32;C:\Windows;C:\Windows\System32\Wbem;C:\Windows\System32\WindowsPowerShell\v1.0\;C:\Windows\System32\OpenSSH\;C:\Program Files\dotnet\;C:\Program Files\Docker\Docker\resources\bin;C:\Program Files\Git\cmd;C:\Program Files\Microsoft\Azure Functions Core Tools\;C:\Program Files\GitHub CLI\;C:\Users\Teodor.Kostadinov\AppData\Local\Programs\Eclipse Adoptium\jdk-17.0.10.7-hotspot\bin;C:\Users\Teodor.Kostadinov\AppData\Local\Programs\Python\Python38\Scripts\;C:\Users\Teodor.Kostadinov\AppData\Local\Programs\Python\Python310\Scripts;C:\Users\Teodor.Kostadinov\AppData\Local\Programs\Python\Python310\;C:\Users\Teodor.Kostadinov\AppData\Local\Programs\Python\Python38\;C:\Users\Teodor.Kostadinov\AppData\Local\Microsoft\WindowsApps;C:\Users\Teodor.Kostadinov\AppData\Local\Programs\Microsoft VS Code\bin;C:\Users\Teodor.Kostadinov\AppData\Local\Programs\MiKTeX\miktex\bin\x64\;C:\Users\Teodor.Kostadinov\AppData\Local\Microsoft\WinGet\Packages\jqlang.jq_Microsoft.Winget.Source_8wekyb3d8bbwe;C:\Users\Teodor.Kostadinov\AppData\Local\Microsoft\WinGet\Packages\jqlang.jq_Microsoft.Winget.Source_8wekyb3d8bbwe\jq-windows-amd64.exe;C:\Program Files\Ngrok\ngrok-v3-stable-windows-amd64;C:\Users\Teodor.Kostadinov\.dotnet\tools;C:\Users\Teodor.Kostadinov\AppData\Roaming\Microsoft\Windows\Start Menu\Programs\apache-maven-3.9.6-bin\apache-maven-3.9.6\bin;;."/>
    <property name="java.vm.info" value="mixed mode, sharing"/>
    <property name="java.vendor" value="Eclipse Adoptium"/>
    <property name="java.vm.version" value="17.0.10+7"/>
    <property name="sun.io.unicode.encoding" value="UnicodeLittle"/>
    <property name="java.class.version" value="61.0"/>
  </properties>
  <testcase name="testGetSentenceWordsCountOneLetterWords" classname="bg.sofia.uni.fmi.mjt.sentiment.tsk.parsers.ReviewsToSentenceWordsCountParserTest" time="0.001"/>
  <testcase name="testGetSentenceWordsCountBlankReview" classname="bg.sofia.uni.fmi.mjt.sentiment.tsk.parsers.ReviewsToSentenceWordsCountParserTest" time="0.001"/>
  <testcase name="testGetSentenceWordsCountDuplicatesMultipleReviews" classname="bg.sofia.uni.fmi.mjt.sentiment.tsk.parsers.ReviewsToSentenceWordsCountParserTest" time="0.002"/>
  <testcase name="testGetSentenceWordsCountOneReviewWithStopWords" classname="bg.sofia.uni.fmi.mjt.sentiment.tsk.parsers.ReviewsToSentenceWordsCountParserTest" time="0.002"/>
  <testcase name="testGetSentenceWordsCountOnlySentenceWordsMultipleReviews" classname="bg.sofia.uni.fmi.mjt.sentiment.tsk.parsers.ReviewsToSentenceWordsCountParserTest" time="0.002"/>
  <testcase name="testGetSentenceWordsCountDuplicates" classname="bg.sofia.uni.fmi.mjt.sentiment.tsk.parsers.ReviewsToSentenceWordsCountParserTest" time="0.002"/>
  <testcase name="testGetSentenceWordsCountStopWordsOnly" classname="bg.sofia.uni.fmi.mjt.sentiment.tsk.parsers.ReviewsToSentenceWordsCountParserTest" time="0.002"/>
  <testcase name="testGetSentenceWordsCountMultipleLinesStopwords" classname="bg.sofia.uni.fmi.mjt.sentiment.tsk.parsers.ReviewsToSentenceWordsCountParserTest" time="0.002"/>
  <testcase name="testGetSentenceWordsCountEmptyReview" classname="bg.sofia.uni.fmi.mjt.sentiment.tsk.parsers.ReviewsToSentenceWordsCountParserTest" time="0.001"/>
  <testcase name="testGetSentenceWordsCountNoReviews" classname="bg.sofia.uni.fmi.mjt.sentiment.tsk.parsers.ReviewsToSentenceWordsCountParserTest" time="0.001"/>
  <testcase name="testGetSentenceWordsCountMultipleLinesEmptyReview" classname="bg.sofia.uni.fmi.mjt.sentiment.tsk.parsers.ReviewsToSentenceWordsCountParserTest" time="0.001"/>
</testsuite>